app/build/outputs/logs/manifest-merger-debug-report.txt
-- Merging decision tree log ---
manifest
ADDED from src\main\AndroidManifest.xml:2:1-62:12
	package
		ADDED from src\main\AndroidManifest.xml:3:5-41
		INJECTED from src\main\AndroidManifest.xml
		INJECTED from src\main\AndroidManifest.xml
	android:versionName
		ADDED from src\main\AndroidManifest.xml:5:5-30
		INJECTED from src\main\AndroidManifest.xml
		INJECTED from src\main\AndroidManifest.xml
	android:versionCode
		ADDED from src\main\AndroidManifest.xml:4:5-28
		INJECTED from src\main\AndroidManifest.xml
		INJECTED from src\main\AndroidManifest.xml
	xmlns:android
		ADDED from src\main\AndroidManifest.xml:2:11-69
uses-sdk
ADDED from src\main\AndroidManifest.xml:6:5-8:41
	android:targetSdkVersion
		ADDED from src\main\AndroidManifest.xml:8:9-38
		INJECTED from src\main\AndroidManifest.xml
		INJECTED from src\main\AndroidManifest.xml
	android:minSdkVersion
		ADDED from src\main\AndroidManifest.xml:7:9-34
		INJECTED from src\main\AndroidManifest.xml
		INJECTED from src\main\AndroidManifest.xml
uses-permission#android.permission.INTERNET
ADDED from src\main\AndroidManifest.xml:9:5-67
	android:name
		ADDED from src\main\AndroidManifest.xml:9:22-64
uses-permission#android.permission.ACCESS_NETWORK_STATE
ADDED from src\main\AndroidManifest.xml:10:5-78
	android:name
		ADDED from src\main\AndroidManifest.xml:10:22-76
uses-permission#android.permission.GET_ACCOUNTS
ADDED from src\main\AndroidManifest.xml:11:5-71
	android:name
		ADDED from src\main\AndroidManifest.xml:11:22-68
uses-permission#android.permission.USE_CREDENTIALS
ADDED from src\main\AndroidManifest.xml:12:5-74
	android:name
		ADDED from src\main\AndroidManifest.xml:12:22-71
uses-permission#android.permission.READ_CALENDAR
ADDED from src\main\AndroidManifest.xml:13:3-70
	android:name
		ADDED from src\main\AndroidManifest.xml:13:20-67
uses-permission#android.permission.WRITE_CALENDAR
ADDED from src\main\AndroidManifest.xml:14:3-71
	android:name
		ADDED from src\main\AndroidManifest.xml:14:20-68
uses-permission#android.permission.WRITE_EXTERNAL_STORAGE
ADDED from src\main\AndroidManifest.xml:15:3-95
	android:name
		ADDED from src\main\AndroidManifest.xml:15:20-76
application
ADDED from src\main\AndroidManifest.xml:16:5-54:19
	android:label
		ADDED from src\main\AndroidManifest.xml:19:9-41
	android:allowBackup
		ADDED from src\main\AndroidManifest.xml:17:9-35
	android:icon
		ADDED from src\main\AndroidManifest.xml:18:9-40
	android:theme
		ADDED from src\main\AndroidManifest.xml:20:9-40
activity#com.example.loancalculator.Newentry
ADDED from src\main\AndroidManifest.xml:21:9-30:20
	android:screenOrientation
		ADDED from src\main\AndroidManifest.xml:24:13-49
	android:label
		ADDED from src\main\AndroidManifest.xml:23:13-45
	android:name
		ADDED from src\main\AndroidManifest.xml:22:13-63
intent-filter#android.intent.action.MAIN+android.intent.category.LAUNCHER
ADDED from src\main\AndroidManifest.xml:25:13-29:29
action#android.intent.action.MAIN
ADDED from src\main\AndroidManifest.xml:26:17-69
	android:name
		ADDED from src\main\AndroidManifest.xml:26:25-66
category#android.intent.category.LAUNCHER
ADDED from src\main\AndroidManifest.xml:28:17-77
	android:name
		ADDED from src\main\AndroidManifest.xml:28:27-74
activity#com.example.loancalculator.MainActivity
ADDED from src\main\AndroidManifest.xml:35:9-37:24
	android:screenOrientation
		ADDED from src\main\AndroidManifest.xml:36:13-49
	android:label
		ADDED from src\main\AndroidManifest.xml:35:48-80
	android:name
		ADDED from src\main\AndroidManifest.xml:35:19-47
activity#com.example.loancalculator.FetchData
ADDED from src\main\AndroidManifest.xml:39:9-41:21
	android:screenOrientation
		ADDED from src\main\AndroidManifest.xml:40:13-49
	android:label
		ADDED from src\main\AndroidManifest.xml:39:45-77
	android:name
		ADDED from src\main\AndroidManifest.xml:39:19-44
activity#com.example.loancalculator.Update
ADDED from src\main\AndroidManifest.xml:42:9-44:21
	android:screenOrientation
		ADDED from src\main\AndroidManifest.xml:43:11-47
	android:label
		ADDED from src\main\AndroidManifest.xml:42:42-74
	android:name
		ADDED from src\main\AndroidManifest.xml:42:19-41
activity#com.example.loancalculator.ListDisplay
ADDED from src\main\AndroidManifest.xml:45:10-47:21
	android:screenOrientation
		ADDED from src\main\AndroidManifest.xml:46:13-49
	android:label
		ADDED from src\main\AndroidManifest.xml:45:48-80
	android:name
		ADDED from src\main\AndroidManifest.xml:45:20-47
activity#com.example.loancalculator.CameraPhotoCapture
ADDED from src\main\AndroidManifest.xml:48:12-49:21
	android:label
		ADDED from src\main\AndroidManifest.xml:48:57-89
	android:name
		ADDED from src\main\AndroidManifest.xml:48:22-56
activity#com.example.loancalculator.ExportCSV
ADDED from src\main\AndroidManifest.xml:50:12-51:21
	android:label
		ADDED from src\main\AndroidManifest.xml:50:48-80
	android:name
		ADDED from src\main\AndroidManifest.xml:50:22-47
activity#com.example.loancalculator.AboutDetail
ADDED from src\main\AndroidManifest.xml:52:10-53:21
	android:label
		ADDED from src\main\AndroidManifest.xml:52:48-80
	android:name
		ADDED from src\main\AndroidManifest.xml:52:20-47
supports-screens
ADDED from src\main\AndroidManifest.xml:55:5-58:24
	android:largeScreens
		ADDED from src\main\AndroidManifest.xml:56:38-65
	android:smallScreens
		ADDED from src\main\AndroidManifest.xml:55:23-50
	android:normalScreens
		ADDED from src\main\AndroidManifest.xml:56:9-37
	android:anyDensity
		ADDED from src\main\AndroidManifest.xml:57:9-34